#-----------------------------------------------------------
# Vivado v2018.3 (64-bit)
# SW Build 2405991 on Thu Dec  6 23:38:27 MST 2018
# IP Build 2404404 on Fri Dec  7 01:43:56 MST 2018
# Start of session at: Fri Apr  3 15:52:24 2020
# Process ID: 27372
# Current directory: D:/project/FPGA/My_FPGA/TCL_project/Prj/Two-way-voice-transmitter
# Command line: vivado.exe -mode tcl -s c:/Users/sterben/.vscode/extensions/sterben.fpga-support-0.1.6/src/.TOOL/Xilinx/Script/Xilinx_TCL/Vivado/Start.tcl -notrace
# Log file: D:/project/FPGA/My_FPGA/TCL_project/Prj/Two-way-voice-transmitter/vivado.log
# Journal file: D:/project/FPGA/My_FPGA/TCL_project/Prj/Two-way-voice-transmitter\vivado.jou
#-----------------------------------------------------------
Sourcing tcl script 'D:/APP/vivado_18_3/Vivado/2018.3/scripts/Vivado_init.tcl'
source c:/Users/sterben/.vscode/extensions/sterben.fpga-support-0.1.6/src/.TOOL/Xilinx/Script/Xilinx_TCL/Vivado/Start.tcl -notrace
---------which device you want to create---------
#note:input the number to choose the device
#     input the a to Add the device
#     input the b to Delete the device
#     input the e to exit
1) xc7z020clg400-2
2) xc7a35tftg256-1
3) xc7a35tcsg324-1
---------please input your choice---------
WARNING: [Vivado 12-818] No files matched '*'
---------what do you want to do next---------
1) Update_file
2) Build
3) program
4) Debug
5) GUI
6) exit
---------what do you want to do next---------
1) Update_file
2) Build
3) program
4) Debug
5) GUI
6) exit
