Copyright 1986-2018 Xilinx, Inc. All Rights Reserved.
-----------------------------------------------------------------------------------------------------------------------------------------------
| Tool Version : Vivado v.2018.3 (win64) Build 2405991 Thu Dec  6 23:38:27 MST 2018
| Date         : Fri Apr 10 20:23:24 2020
| Host         : DESKTOP-8P8R3S1 running 64-bit major release  (build 9200)
| Command      : report_methodology -file TOP_methodology_drc_routed.rpt -pb TOP_methodology_drc_routed.pb -rpx TOP_methodology_drc_routed.rpx
| Design       : TOP
| Device       : xc7a35tftg256-1
| Speed File   : -1
| Design State : Fully Routed
-----------------------------------------------------------------------------------------------------------------------------------------------

Report Methodology

Table of Contents
-----------------
1. REPORT SUMMARY
2. REPORT DETAILS

1. REPORT SUMMARY
-----------------
            Netlist: netlist
          Floorplan: design_1
      Design limits: <entire design considered>
             Max violations: <unlimited>
             Violations found: 51
+-----------+----------+--------------------------+------------+
| Rule      | Severity | Description              | Violations |
+-----------+----------+--------------------------+------------+
| SYNTH-12  | Warning  | DSP input not registered | 1          |
| TIMING-16 | Warning  | Large setup violation    | 50         |
+-----------+----------+--------------------------+------------+

2. REPORT DETAILS
-----------------
SYNTH-12#1 Warning
DSP input not registered  
DSP instance Audio_Handle_u/Fre_word_r_reg is not fully pipelined on the input side. AREG/BREG/CREG/DREG are not used.
Related violations: <none>

TIMING-16#1 Warning
Large setup violation  
There is a large setup violation of -1.064 ns between Audio_Handle_u/Audio_SIG_r_reg[11]/C (clocked by clk_out4_clk_gen) and FM_Modulate_u/data_r2_reg/A[14] (clocked by clk_out1_clk_gen). Large setup violations at the end of those stages might be difficult to fix during the post-placement implementation flow and could be the result of non-optimal XDC constraints or non-optimal design architecture
Related violations: <none>

TIMING-16#2 Warning
Large setup violation  
There is a large setup violation of -1.064 ns between Audio_Handle_u/Audio_SIG_r_reg[11]/C (clocked by clk_out4_clk_gen) and FM_Modulate_u/data_r2_reg/A[15] (clocked by clk_out1_clk_gen). Large setup violations at the end of those stages might be difficult to fix during the post-placement implementation flow and could be the result of non-optimal XDC constraints or non-optimal design architecture
Related violations: <none>

TIMING-16#3 Warning
Large setup violation  
There is a large setup violation of -1.086 ns between Audio_Handle_u/Audio_SIG_r_reg[11]/C (clocked by clk_out4_clk_gen) and FM_Modulate_u/data_r2_reg/A[11] (clocked by clk_out1_clk_gen). Large setup violations at the end of those stages might be difficult to fix during the post-placement implementation flow and could be the result of non-optimal XDC constraints or non-optimal design architecture
Related violations: <none>

TIMING-16#4 Warning
Large setup violation  
There is a large setup violation of -1.228 ns between Audio_Handle_u/Audio_SIG_r_reg[11]/C (clocked by clk_out4_clk_gen) and FM_Modulate_u/data_r2_reg/A[20] (clocked by clk_out1_clk_gen). Large setup violations at the end of those stages might be difficult to fix during the post-placement implementation flow and could be the result of non-optimal XDC constraints or non-optimal design architecture
Related violations: <none>

TIMING-16#5 Warning
Large setup violation  
There is a large setup violation of -1.228 ns between Audio_Handle_u/Audio_SIG_r_reg[11]/C (clocked by clk_out4_clk_gen) and FM_Modulate_u/data_r2_reg/A[21] (clocked by clk_out1_clk_gen). Large setup violations at the end of those stages might be difficult to fix during the post-placement implementation flow and could be the result of non-optimal XDC constraints or non-optimal design architecture
Related violations: <none>

TIMING-16#6 Warning
Large setup violation  
There is a large setup violation of -1.228 ns between Audio_Handle_u/Audio_SIG_r_reg[11]/C (clocked by clk_out4_clk_gen) and FM_Modulate_u/data_r2_reg/A[22] (clocked by clk_out1_clk_gen). Large setup violations at the end of those stages might be difficult to fix during the post-placement implementation flow and could be the result of non-optimal XDC constraints or non-optimal design architecture
Related violations: <none>

TIMING-16#7 Warning
Large setup violation  
There is a large setup violation of -1.228 ns between Audio_Handle_u/Audio_SIG_r_reg[11]/C (clocked by clk_out4_clk_gen) and FM_Modulate_u/data_r2_reg/A[23] (clocked by clk_out1_clk_gen). Large setup violations at the end of those stages might be difficult to fix during the post-placement implementation flow and could be the result of non-optimal XDC constraints or non-optimal design architecture
Related violations: <none>

TIMING-16#8 Warning
Large setup violation  
There is a large setup violation of -1.231 ns between Audio_Handle_u/Audio_SIG_r_reg[11]/C (clocked by clk_out4_clk_gen) and FM_Modulate_u/data_r2_reg/A[16] (clocked by clk_out1_clk_gen). Large setup violations at the end of those stages might be difficult to fix during the post-placement implementation flow and could be the result of non-optimal XDC constraints or non-optimal design architecture
Related violations: <none>

TIMING-16#9 Warning
Large setup violation  
There is a large setup violation of -1.231 ns between Audio_Handle_u/Audio_SIG_r_reg[11]/C (clocked by clk_out4_clk_gen) and FM_Modulate_u/data_r2_reg/A[17] (clocked by clk_out1_clk_gen). Large setup violations at the end of those stages might be difficult to fix during the post-placement implementation flow and could be the result of non-optimal XDC constraints or non-optimal design architecture
Related violations: <none>

TIMING-16#10 Warning
Large setup violation  
There is a large setup violation of -1.231 ns between Audio_Handle_u/Audio_SIG_r_reg[11]/C (clocked by clk_out4_clk_gen) and FM_Modulate_u/data_r2_reg/A[18] (clocked by clk_out1_clk_gen). Large setup violations at the end of those stages might be difficult to fix during the post-placement implementation flow and could be the result of non-optimal XDC constraints or non-optimal design architecture
Related violations: <none>

TIMING-16#11 Warning
Large setup violation  
There is a large setup violation of -1.231 ns between Audio_Handle_u/Audio_SIG_r_reg[11]/C (clocked by clk_out4_clk_gen) and FM_Modulate_u/data_r2_reg/A[19] (clocked by clk_out1_clk_gen). Large setup violations at the end of those stages might be difficult to fix during the post-placement implementation flow and could be the result of non-optimal XDC constraints or non-optimal design architecture
Related violations: <none>

TIMING-16#12 Warning
Large setup violation  
There is a large setup violation of -1.265 ns between Audio_Handle_u/Audio_SIG_r_reg[11]/C (clocked by clk_out4_clk_gen) and FM_Modulate_u/data_r2_reg/A[12] (clocked by clk_out1_clk_gen). Large setup violations at the end of those stages might be difficult to fix during the post-placement implementation flow and could be the result of non-optimal XDC constraints or non-optimal design architecture
Related violations: <none>

TIMING-16#13 Warning
Large setup violation  
There is a large setup violation of -1.265 ns between Audio_Handle_u/Audio_SIG_r_reg[11]/C (clocked by clk_out4_clk_gen) and FM_Modulate_u/data_r2_reg/A[13] (clocked by clk_out1_clk_gen). Large setup violations at the end of those stages might be difficult to fix during the post-placement implementation flow and could be the result of non-optimal XDC constraints or non-optimal design architecture
Related violations: <none>

TIMING-16#14 Warning
Large setup violation  
There is a large setup violation of -1.395 ns between Audio_Handle_u/Audio_SIG_r_reg[11]/C (clocked by clk_out4_clk_gen) and FM_Modulate_u/data_r2_reg/A[24] (clocked by clk_out1_clk_gen). Large setup violations at the end of those stages might be difficult to fix during the post-placement implementation flow and could be the result of non-optimal XDC constraints or non-optimal design architecture
Related violations: <none>

TIMING-16#15 Warning
Large setup violation  
There is a large setup violation of -1.395 ns between Audio_Handle_u/Audio_SIG_r_reg[11]/C (clocked by clk_out4_clk_gen) and FM_Modulate_u/data_r2_reg/A[25] (clocked by clk_out1_clk_gen). Large setup violations at the end of those stages might be difficult to fix during the post-placement implementation flow and could be the result of non-optimal XDC constraints or non-optimal design architecture
Related violations: <none>

TIMING-16#16 Warning
Large setup violation  
There is a large setup violation of -1.395 ns between Audio_Handle_u/Audio_SIG_r_reg[11]/C (clocked by clk_out4_clk_gen) and FM_Modulate_u/data_r2_reg/A[26] (clocked by clk_out1_clk_gen). Large setup violations at the end of those stages might be difficult to fix during the post-placement implementation flow and could be the result of non-optimal XDC constraints or non-optimal design architecture
Related violations: <none>

TIMING-16#17 Warning
Large setup violation  
There is a large setup violation of -1.395 ns between Audio_Handle_u/Audio_SIG_r_reg[11]/C (clocked by clk_out4_clk_gen) and FM_Modulate_u/data_r2_reg/A[27] (clocked by clk_out1_clk_gen). Large setup violations at the end of those stages might be difficult to fix during the post-placement implementation flow and could be the result of non-optimal XDC constraints or non-optimal design architecture
Related violations: <none>

TIMING-16#18 Warning
Large setup violation  
There is a large setup violation of -1.407 ns between Audio_Handle_u/Fre_word_r_reg/CLK (clocked by clk_out4_clk_gen) and FM_Modulate_u/data_r2_reg/C[8] (clocked by clk_out1_clk_gen). Large setup violations at the end of those stages might be difficult to fix during the post-placement implementation flow and could be the result of non-optimal XDC constraints or non-optimal design architecture
Related violations: <none>

TIMING-16#19 Warning
Large setup violation  
There is a large setup violation of -1.409 ns between Audio_Handle_u/Fre_word_r_reg/CLK (clocked by clk_out4_clk_gen) and FM_Modulate_u/data_r2_reg/C[11] (clocked by clk_out1_clk_gen). Large setup violations at the end of those stages might be difficult to fix during the post-placement implementation flow and could be the result of non-optimal XDC constraints or non-optimal design architecture
Related violations: <none>

TIMING-16#20 Warning
Large setup violation  
There is a large setup violation of -1.409 ns between Audio_Handle_u/Fre_word_r_reg/CLK (clocked by clk_out4_clk_gen) and FM_Modulate_u/data_r2_reg/C[13] (clocked by clk_out1_clk_gen). Large setup violations at the end of those stages might be difficult to fix during the post-placement implementation flow and could be the result of non-optimal XDC constraints or non-optimal design architecture
Related violations: <none>

TIMING-16#21 Warning
Large setup violation  
There is a large setup violation of -1.409 ns between Audio_Handle_u/Fre_word_r_reg/CLK (clocked by clk_out4_clk_gen) and FM_Modulate_u/data_r2_reg/C[17] (clocked by clk_out1_clk_gen). Large setup violations at the end of those stages might be difficult to fix during the post-placement implementation flow and could be the result of non-optimal XDC constraints or non-optimal design architecture
Related violations: <none>

TIMING-16#22 Warning
Large setup violation  
There is a large setup violation of -1.409 ns between Audio_Handle_u/Fre_word_r_reg/CLK (clocked by clk_out4_clk_gen) and FM_Modulate_u/data_r2_reg/C[19] (clocked by clk_out1_clk_gen). Large setup violations at the end of those stages might be difficult to fix during the post-placement implementation flow and could be the result of non-optimal XDC constraints or non-optimal design architecture
Related violations: <none>

TIMING-16#23 Warning
Large setup violation  
There is a large setup violation of -1.409 ns between Audio_Handle_u/Fre_word_r_reg/CLK (clocked by clk_out4_clk_gen) and FM_Modulate_u/data_r2_reg/C[1] (clocked by clk_out1_clk_gen). Large setup violations at the end of those stages might be difficult to fix during the post-placement implementation flow and could be the result of non-optimal XDC constraints or non-optimal design architecture
Related violations: <none>

TIMING-16#24 Warning
Large setup violation  
There is a large setup violation of -1.409 ns between Audio_Handle_u/Fre_word_r_reg/CLK (clocked by clk_out4_clk_gen) and FM_Modulate_u/data_r2_reg/C[3] (clocked by clk_out1_clk_gen). Large setup violations at the end of those stages might be difficult to fix during the post-placement implementation flow and could be the result of non-optimal XDC constraints or non-optimal design architecture
Related violations: <none>

TIMING-16#25 Warning
Large setup violation  
There is a large setup violation of -1.409 ns between Audio_Handle_u/Fre_word_r_reg/CLK (clocked by clk_out4_clk_gen) and FM_Modulate_u/data_r2_reg/C[5] (clocked by clk_out1_clk_gen). Large setup violations at the end of those stages might be difficult to fix during the post-placement implementation flow and could be the result of non-optimal XDC constraints or non-optimal design architecture
Related violations: <none>

TIMING-16#26 Warning
Large setup violation  
There is a large setup violation of -1.409 ns between Audio_Handle_u/Fre_word_r_reg/CLK (clocked by clk_out4_clk_gen) and FM_Modulate_u/data_r2_reg/C[7] (clocked by clk_out1_clk_gen). Large setup violations at the end of those stages might be difficult to fix during the post-placement implementation flow and could be the result of non-optimal XDC constraints or non-optimal design architecture
Related violations: <none>

TIMING-16#27 Warning
Large setup violation  
There is a large setup violation of -1.409 ns between Audio_Handle_u/Fre_word_r_reg/CLK (clocked by clk_out4_clk_gen) and FM_Modulate_u/data_r2_reg/C[9] (clocked by clk_out1_clk_gen). Large setup violations at the end of those stages might be difficult to fix during the post-placement implementation flow and could be the result of non-optimal XDC constraints or non-optimal design architecture
Related violations: <none>

TIMING-16#28 Warning
Large setup violation  
There is a large setup violation of -1.412 ns between Audio_Handle_u/Fre_word_r_reg/CLK (clocked by clk_out4_clk_gen) and FM_Modulate_u/data_r2_reg/C[15] (clocked by clk_out1_clk_gen). Large setup violations at the end of those stages might be difficult to fix during the post-placement implementation flow and could be the result of non-optimal XDC constraints or non-optimal design architecture
Related violations: <none>

TIMING-16#29 Warning
Large setup violation  
There is a large setup violation of -1.412 ns between Audio_Handle_u/Fre_word_r_reg/CLK (clocked by clk_out4_clk_gen) and FM_Modulate_u/data_r2_reg/C[29] (clocked by clk_out1_clk_gen). Large setup violations at the end of those stages might be difficult to fix during the post-placement implementation flow and could be the result of non-optimal XDC constraints or non-optimal design architecture
Related violations: <none>

TIMING-16#30 Warning
Large setup violation  
There is a large setup violation of -1.416 ns between Audio_Handle_u/Fre_word_r_reg/CLK (clocked by clk_out4_clk_gen) and FM_Modulate_u/data_r2_reg/C[22] (clocked by clk_out1_clk_gen). Large setup violations at the end of those stages might be difficult to fix during the post-placement implementation flow and could be the result of non-optimal XDC constraints or non-optimal design architecture
Related violations: <none>

TIMING-16#31 Warning
Large setup violation  
There is a large setup violation of -1.416 ns between Audio_Handle_u/Fre_word_r_reg/CLK (clocked by clk_out4_clk_gen) and FM_Modulate_u/data_r2_reg/C[26] (clocked by clk_out1_clk_gen). Large setup violations at the end of those stages might be difficult to fix during the post-placement implementation flow and could be the result of non-optimal XDC constraints or non-optimal design architecture
Related violations: <none>

TIMING-16#32 Warning
Large setup violation  
There is a large setup violation of -1.416 ns between Audio_Handle_u/Fre_word_r_reg/CLK (clocked by clk_out4_clk_gen) and FM_Modulate_u/data_r2_reg/C[30] (clocked by clk_out1_clk_gen). Large setup violations at the end of those stages might be difficult to fix during the post-placement implementation flow and could be the result of non-optimal XDC constraints or non-optimal design architecture
Related violations: <none>

TIMING-16#33 Warning
Large setup violation  
There is a large setup violation of -1.418 ns between Audio_Handle_u/Fre_word_r_reg/CLK (clocked by clk_out4_clk_gen) and FM_Modulate_u/data_r2_reg/C[0] (clocked by clk_out1_clk_gen). Large setup violations at the end of those stages might be difficult to fix during the post-placement implementation flow and could be the result of non-optimal XDC constraints or non-optimal design architecture
Related violations: <none>

TIMING-16#34 Warning
Large setup violation  
There is a large setup violation of -1.418 ns between Audio_Handle_u/Fre_word_r_reg/CLK (clocked by clk_out4_clk_gen) and FM_Modulate_u/data_r2_reg/C[10] (clocked by clk_out1_clk_gen). Large setup violations at the end of those stages might be difficult to fix during the post-placement implementation flow and could be the result of non-optimal XDC constraints or non-optimal design architecture
Related violations: <none>

TIMING-16#35 Warning
Large setup violation  
There is a large setup violation of -1.418 ns between Audio_Handle_u/Fre_word_r_reg/CLK (clocked by clk_out4_clk_gen) and FM_Modulate_u/data_r2_reg/C[12] (clocked by clk_out1_clk_gen). Large setup violations at the end of those stages might be difficult to fix during the post-placement implementation flow and could be the result of non-optimal XDC constraints or non-optimal design architecture
Related violations: <none>

TIMING-16#36 Warning
Large setup violation  
There is a large setup violation of -1.418 ns between Audio_Handle_u/Fre_word_r_reg/CLK (clocked by clk_out4_clk_gen) and FM_Modulate_u/data_r2_reg/C[14] (clocked by clk_out1_clk_gen). Large setup violations at the end of those stages might be difficult to fix during the post-placement implementation flow and could be the result of non-optimal XDC constraints or non-optimal design architecture
Related violations: <none>

TIMING-16#37 Warning
Large setup violation  
There is a large setup violation of -1.418 ns between Audio_Handle_u/Fre_word_r_reg/CLK (clocked by clk_out4_clk_gen) and FM_Modulate_u/data_r2_reg/C[16] (clocked by clk_out1_clk_gen). Large setup violations at the end of those stages might be difficult to fix during the post-placement implementation flow and could be the result of non-optimal XDC constraints or non-optimal design architecture
Related violations: <none>

TIMING-16#38 Warning
Large setup violation  
There is a large setup violation of -1.418 ns between Audio_Handle_u/Fre_word_r_reg/CLK (clocked by clk_out4_clk_gen) and FM_Modulate_u/data_r2_reg/C[18] (clocked by clk_out1_clk_gen). Large setup violations at the end of those stages might be difficult to fix during the post-placement implementation flow and could be the result of non-optimal XDC constraints or non-optimal design architecture
Related violations: <none>

TIMING-16#39 Warning
Large setup violation  
There is a large setup violation of -1.418 ns between Audio_Handle_u/Fre_word_r_reg/CLK (clocked by clk_out4_clk_gen) and FM_Modulate_u/data_r2_reg/C[20] (clocked by clk_out1_clk_gen). Large setup violations at the end of those stages might be difficult to fix during the post-placement implementation flow and could be the result of non-optimal XDC constraints or non-optimal design architecture
Related violations: <none>

TIMING-16#40 Warning
Large setup violation  
There is a large setup violation of -1.418 ns between Audio_Handle_u/Fre_word_r_reg/CLK (clocked by clk_out4_clk_gen) and FM_Modulate_u/data_r2_reg/C[21] (clocked by clk_out1_clk_gen). Large setup violations at the end of those stages might be difficult to fix during the post-placement implementation flow and could be the result of non-optimal XDC constraints or non-optimal design architecture
Related violations: <none>

TIMING-16#41 Warning
Large setup violation  
There is a large setup violation of -1.418 ns between Audio_Handle_u/Fre_word_r_reg/CLK (clocked by clk_out4_clk_gen) and FM_Modulate_u/data_r2_reg/C[24] (clocked by clk_out1_clk_gen). Large setup violations at the end of those stages might be difficult to fix during the post-placement implementation flow and could be the result of non-optimal XDC constraints or non-optimal design architecture
Related violations: <none>

TIMING-16#42 Warning
Large setup violation  
There is a large setup violation of -1.418 ns between Audio_Handle_u/Fre_word_r_reg/CLK (clocked by clk_out4_clk_gen) and FM_Modulate_u/data_r2_reg/C[25] (clocked by clk_out1_clk_gen). Large setup violations at the end of those stages might be difficult to fix during the post-placement implementation flow and could be the result of non-optimal XDC constraints or non-optimal design architecture
Related violations: <none>

TIMING-16#43 Warning
Large setup violation  
There is a large setup violation of -1.418 ns between Audio_Handle_u/Fre_word_r_reg/CLK (clocked by clk_out4_clk_gen) and FM_Modulate_u/data_r2_reg/C[28] (clocked by clk_out1_clk_gen). Large setup violations at the end of those stages might be difficult to fix during the post-placement implementation flow and could be the result of non-optimal XDC constraints or non-optimal design architecture
Related violations: <none>

TIMING-16#44 Warning
Large setup violation  
There is a large setup violation of -1.418 ns between Audio_Handle_u/Fre_word_r_reg/CLK (clocked by clk_out4_clk_gen) and FM_Modulate_u/data_r2_reg/C[2] (clocked by clk_out1_clk_gen). Large setup violations at the end of those stages might be difficult to fix during the post-placement implementation flow and could be the result of non-optimal XDC constraints or non-optimal design architecture
Related violations: <none>

TIMING-16#45 Warning
Large setup violation  
There is a large setup violation of -1.418 ns between Audio_Handle_u/Fre_word_r_reg/CLK (clocked by clk_out4_clk_gen) and FM_Modulate_u/data_r2_reg/C[4] (clocked by clk_out1_clk_gen). Large setup violations at the end of those stages might be difficult to fix during the post-placement implementation flow and could be the result of non-optimal XDC constraints or non-optimal design architecture
Related violations: <none>

TIMING-16#46 Warning
Large setup violation  
There is a large setup violation of -1.418 ns between Audio_Handle_u/Fre_word_r_reg/CLK (clocked by clk_out4_clk_gen) and FM_Modulate_u/data_r2_reg/C[6] (clocked by clk_out1_clk_gen). Large setup violations at the end of those stages might be difficult to fix during the post-placement implementation flow and could be the result of non-optimal XDC constraints or non-optimal design architecture
Related violations: <none>

TIMING-16#47 Warning
Large setup violation  
There is a large setup violation of -1.420 ns between Audio_Handle_u/Fre_word_r_reg/CLK (clocked by clk_out4_clk_gen) and FM_Modulate_u/data_r2_reg/C[27] (clocked by clk_out1_clk_gen). Large setup violations at the end of those stages might be difficult to fix during the post-placement implementation flow and could be the result of non-optimal XDC constraints or non-optimal design architecture
Related violations: <none>

TIMING-16#48 Warning
Large setup violation  
There is a large setup violation of -1.420 ns between Audio_Handle_u/Fre_word_r_reg/CLK (clocked by clk_out4_clk_gen) and FM_Modulate_u/data_r2_reg/C[31] (clocked by clk_out1_clk_gen). Large setup violations at the end of those stages might be difficult to fix during the post-placement implementation flow and could be the result of non-optimal XDC constraints or non-optimal design architecture
Related violations: <none>

TIMING-16#49 Warning
Large setup violation  
There is a large setup violation of -1.445 ns between Audio_Handle_u/Fre_word_r_reg/CLK (clocked by clk_out4_clk_gen) and FM_Modulate_u/data_r2_reg/C[23] (clocked by clk_out1_clk_gen). Large setup violations at the end of those stages might be difficult to fix during the post-placement implementation flow and could be the result of non-optimal XDC constraints or non-optimal design architecture
Related violations: <none>

TIMING-16#50 Warning
Large setup violation  
There is a large setup violation of -2.605 ns between FM_Modulate_u/addr_r1_reg[5]/C (clocked by clk_out1_clk_gen) and FM_Modulate_u/FM_out_r1_reg[11]/D (clocked by clk_out1_clk_gen). Large setup violations at the end of those stages might be difficult to fix during the post-placement implementation flow and could be the result of non-optimal XDC constraints or non-optimal design architecture
Related violations: <none>


